=local_test_secret_123 : The term '=local_test_secret_123' is not recognized as the name of a cmdlet, function, script 
file, or operable program. Check the spelling of the name, or if a path was included, verify that the path is correct 
and try again.
At line:1 char:1
+ ='local_test_secret_123'; ='5000'; ='mongodb://localhost:27017/localV ...
+ ~~~~~~~~~~~~~~~~~~~~~~~~
    + CategoryInfo          : ObjectNotFound: (=local_test_secret_123:String) [], CommandNotFoundException
    + FullyQualifiedErrorId : CommandNotFoundException
 
=5000 : The term '=5000' is not recognized as the name of a cmdlet, function, script file, or operable program. Check 
the spelling of the name, or if a path was included, verify that the path is correct and try again.
At line:1 char:27
+ ='local_test_secret_123'; ='5000'; ='mongodb://localhost:27017/localV ...
+                           ~~~~~~~
    + CategoryInfo          : ObjectNotFound: (=5000:String) [], CommandNotFoundException
    + FullyQualifiedErrorId : CommandNotFoundException
 
=mongodb://localhost:27017/localVendor : The term '=mongodb://localhost:27017/localVendor' is not recognized as the 
name of a cmdlet, function, script file, or operable program. Check the spelling of the name, or if a path was 
included, verify that the path is correct and try again.
At line:1 char:36
+ ... ecret_123'; ='5000'; ='mongodb://localhost:27017/localVendor'; Set-Lo ...
+                          ~~~~~~~~~~~~~~~~~~~~~~~~~~~~~~~~~~~~~~~~
    + CategoryInfo          : ObjectNotFound: (=mongodb://localhost:27017/localVendor:String) [], CommandNotFoundExcep 
   tion
    + FullyQualifiedErrorId : CommandNotFoundException
 
